<?xml version="1.0" encoding="UTF-8" ?>
<testsuite tests="7" failures="0" name="com.deutsche.associate.CanvasCreatorTest" time="0.071" errors="0" skipped="0">
  <properties>
[...]
</properties>
  <testcase classname="com.deutsche.associate.CanvasCreatorTest" name="testDrawVertLine" time="0.006"/>
  <testcase classname="com.deutsche.associate.CanvasCreatorTest" name="testCanvasCreator" time="0.015"/>
  <testcase classname="com.deutsche.associate.CanvasCreatorTest" name="testDrawLine" time="0.001"/>
  <testcase classname="com.deutsche.associate.CanvasCreatorTest" name="testDrawRect" time="0.028"/>
  <testcase classname="com.deutsche.associate.CanvasCreatorTest" name="testCanvasCreatorException" time="0.001"/>
  <testcase classname="com.deutsche.associate.CanvasCreatorTest" name="testDrawHorizLine" time="0.013"/>
  <testcase classname="com.deutsche.associate.CanvasCreatorTest" name="testRender" time="0.007"/>
</testsuite>